2021-05-25 12:21:45,042:INFO:PyCaret Supervised Module
2021-05-25 12:21:45,042:INFO:ML Usecase: regression
2021-05-25 12:21:45,042:INFO:version 2.3.1
2021-05-25 12:21:45,043:INFO:Initializing setup()
2021-05-25 12:21:45,043:INFO:setup(target=Lag 6, ml_usecase=regression, available_plots={'parameter': 'Hyperparameters', 'residuals': 'Residuals', 'error': 'Prediction Error', 'cooks': 'Cooks Distance', 'rfe': 'Feature Selection', 'learning': 'Learning Curve', 'manifold': 'Manifold Learning', 'vc': 'Validation Curve', 'feature': 'Feature Importance', 'feature_all': 'Feature Importance (All)', 'tree': 'Decision Tree', 'residuals_interactive': 'Interactive Residuals'}, train_size=0.8, test_data=None, preprocess=False, imputation_type=simple, iterative_imputation_iters=5, categorical_features=None, categorical_imputation=constant, categorical_iterative_imputer=lightgbm, ordinal_features=None, high_cardinality_features=None, high_cardinality_method=frequency, numeric_features=None, numeric_imputation=mean, numeric_iterative_imputer=lightgbm, date_features=None, ignore_features=None, normalize=False, normalize_method=zscore, transformation=False, transformation_method=yeo-johnson, handle_unknown_categorical=True, unknown_categorical_method=least_frequent, pca=False, pca_method=linear, pca_components=None, ignore_low_variance=False, combine_rare_levels=False, rare_level_threshold=0.1, bin_numeric_features=None, remove_outliers=False, outliers_threshold=0.05, remove_multicollinearity=False, multicollinearity_threshold=0.9, remove_perfect_collinearity=True, create_clusters=False, cluster_iter=20, polynomial_features=False, polynomial_degree=2, trigonometry_features=False, polynomial_threshold=0.1, group_features=None, group_names=None, feature_selection=False, feature_selection_threshold=0.8, feature_selection_method=classic, feature_interaction=False, feature_ratio=False, interaction_threshold=0.01, fix_imbalance=False, fix_imbalance_method=None, transform_target=False, transform_target_method=box-cox, data_split_shuffle=False, data_split_stratify=False, fold_strategy=timeseries, fold=10, fold_shuffle=False, fold_groups=None, n_jobs=-1, use_gpu=True, custom_pipeline=None, html=True, session_id=123, log_experiment=False, experiment_name=None, log_plots=False, log_profile=False, log_data=False, silent=True, verbose=True, profile=False, profile_kwargs=None, display=None)
2021-05-25 12:21:45,046:INFO:Checking environment
2021-05-25 12:21:45,046:INFO:python_version: 3.8.10
2021-05-25 12:21:45,046:INFO:python_build: ('default', 'May 19 2021 13:12:57')
2021-05-25 12:21:45,046:INFO:machine: AMD64
2021-05-25 12:21:45,060:INFO:platform: Windows-10-10.0.19043-SP0
2021-05-25 12:21:45,060:INFO:Memory: svmem(total=16929984512, available=2286649344, percent=86.5, used=14643335168, free=2286649344)
2021-05-25 12:21:45,060:INFO:Physical Core: 6
2021-05-25 12:21:45,060:INFO:Logical Core: 12
2021-05-25 12:21:45,060:INFO:Checking libraries
2021-05-25 12:21:45,060:INFO:pd==1.2.4
2021-05-25 12:21:45,060:INFO:numpy==1.20.2
2021-05-25 12:21:45,060:INFO:sklearn==0.23.2
2021-05-25 12:21:45,060:INFO:lightgbm==3.2.1
2021-05-25 12:21:45,062:WARNING:catboost not found
2021-05-25 12:21:45,100:INFO:xgboost==1.3.3
2021-05-25 12:21:45,728:INFO:mlflow==1.17.0
2021-05-25 12:21:45,728:INFO:Checking Exceptions
2021-05-25 12:21:45,728:INFO:Declaring global variables
2021-05-25 12:21:45,729:INFO:USI: 2bff
2021-05-25 12:21:45,729:INFO:pycaret_globals: {'fold_param', 'fix_imbalance_method_param', 'transform_target_param', 'data_before_preprocess', 'exp_name_log', 'fold_generator', 'fold_groups_param', 'imputation_classifier', 'iterative_imputation_iters_param', 'X_test', 'create_model_container', 'display_container', 'n_jobs_param', 'stratify_param', 'fold_shuffle_param', 'y', 'html_param', 'seed', '_all_metrics', '_internal_pipeline', 'y_train', 'USI', '_ml_usecase', '_available_plots', 'logging_param', 'pycaret_globals', 'X_train', 'prep_pipe', 'experiment__', 'transform_target_method_param', 'target_param', 'gpu_param', 'log_plots_param', '_all_models', 'fix_imbalance_param', 'X', 'fold_groups_param_full', 'master_model_container', 'y_test', '_gpu_n_jobs_param', 'imputation_regressor', '_all_models_internal'}
2021-05-25 12:21:45,729:INFO:Preparing display monitor
2021-05-25 12:21:45,729:INFO:Preparing display monitor
2021-05-25 12:21:45,744:INFO:Importing libraries
2021-05-25 12:21:45,744:INFO:Copying data for preprocessing
2021-05-25 12:21:45,767:INFO:Declaring preprocessing parameters
2021-05-25 12:21:45,769:WARNING:cuML not found
2021-05-25 12:21:45,769:WARNING:cuML is outdated or not found. Required version is >=0.15, got 1.3.3
2021-05-25 12:21:45,809:INFO:Creating preprocessing pipeline
2021-05-25 12:21:46,256:INFO:Preprocessing pipeline created successfully
2021-05-25 12:21:46,258:ERROR:(Process Exit): setup has been interupted with user command 'quit'. setup must rerun.
2021-05-25 12:21:46,258:INFO:Creating global containers
2021-05-25 12:21:46,258:INFO:Internal pipeline: Pipeline(memory=None, steps=[('empty_step', 'passthrough')], verbose=False)
2021-05-25 12:21:49,208:WARNING:Couldn't import cuml.linear_model.LinearRegression
2021-05-25 12:21:49,209:WARNING:Couldn't import cuml.linear_model.Lasso
2021-05-25 12:21:49,216:WARNING:Couldn't import cuml.linear_model.Ridge
2021-05-25 12:21:49,221:WARNING:Couldn't import cuml.linear_model.ElasticNet
2021-05-25 12:21:49,300:WARNING:Couldn't import cuml.svm.SVR
2021-05-25 12:21:49,369:WARNING:Couldn't import cuml.neighbors.KNeighborsRegressor
2021-05-25 12:21:49,370:WARNING:Couldn't import cuml.ensemble
2021-05-25 12:21:57,610:WARNING:Couldn't import catboost.CatBoostRegressor
2021-05-25 12:21:57,612:WARNING:Couldn't import cuml.linear_model.LinearRegression
2021-05-25 12:21:57,614:WARNING:Couldn't import cuml.linear_model.Lasso
2021-05-25 12:21:57,622:WARNING:Couldn't import cuml.linear_model.Ridge
2021-05-25 12:21:57,630:WARNING:Couldn't import cuml.linear_model.ElasticNet
2021-05-25 12:21:57,714:WARNING:Couldn't import cuml.svm.SVR
2021-05-25 12:21:57,758:WARNING:Couldn't import cuml.neighbors.KNeighborsRegressor
2021-05-25 12:21:57,759:WARNING:Couldn't import cuml.ensemble
2021-05-25 12:21:57,771:WARNING:Couldn't import catboost.CatBoostRegressor
2021-05-25 12:21:57,771:INFO:Creating grid variables
2021-05-25 12:21:57,798:INFO:create_model_container: 0
2021-05-25 12:21:57,798:INFO:master_model_container: 0
2021-05-25 12:21:57,798:INFO:display_container: 1
2021-05-25 12:21:57,799:INFO:Pipeline(memory=None,
         steps=[('dtypes',
                 DataTypes_Auto_infer(categorical_features=[],
                                      display_types=False, features_todrop=[],
                                      id_columns=[], ml_usecase='regression',
                                      numerical_features=[], target='Lag 6',
                                      time_features=[]))],
         verbose=False)
2021-05-25 12:21:57,799:INFO:setup() succesfully completed......................................
2021-05-25 12:21:57,960:INFO:gpu_param set to True
2021-05-25 12:21:57,962:WARNING:Couldn't import cuml.linear_model.LinearRegression
2021-05-25 12:21:57,963:WARNING:Couldn't import cuml.linear_model.Lasso
2021-05-25 12:21:57,969:WARNING:Couldn't import cuml.linear_model.Ridge
2021-05-25 12:21:57,974:WARNING:Couldn't import cuml.linear_model.ElasticNet
2021-05-25 12:21:58,028:WARNING:Couldn't import cuml.svm.SVR
2021-05-25 12:21:58,071:WARNING:Couldn't import cuml.neighbors.KNeighborsRegressor
2021-05-25 12:21:58,072:WARNING:Couldn't import cuml.ensemble
2021-05-25 12:21:58,086:WARNING:Couldn't import catboost.CatBoostRegressor
2021-05-25 12:21:58,146:INFO:Initializing compare_models()
2021-05-25 12:21:58,146:INFO:compare_models(include=None, fold=None, round=4, cross_validation=True, sort=MAE, n_select=3, budget_time=None, turbo=True, errors=ignore, fit_kwargs=None, groups=None, verbose=True, display=None, exclude=['xgboost', 'gbr', 'lar', 'lightgbm', 'ada', 'knn', 'llar'])
2021-05-25 12:21:58,147:INFO:Checking exceptions
2021-05-25 12:21:58,147:INFO:Preparing display monitor
2021-05-25 12:21:58,147:INFO:Preparing display monitor
2021-05-25 12:21:58,179:INFO:Initializing Linear Regression
2021-05-25 12:21:58,179:INFO:Total runtime is 0.0 minutes
2021-05-25 12:21:58,190:INFO:SubProcess create_model() called ==================================
2021-05-25 12:21:58,191:INFO:Initializing create_model()
2021-05-25 12:21:58,191:INFO:create_model(estimator=lr, fold=TimeSeriesSplit(max_train_size=None, n_splits=10), round=4, cross_validation=True, predict=True, fit_kwargs={}, groups=None, refit=False, verbose=False, system=False, metrics=None, display=<pycaret.internal.Display.Display object at 0x000001EE44D0CB80>, kwargs={})
2021-05-25 12:21:58,191:INFO:Checking exceptions
2021-05-25 12:21:58,191:INFO:Importing libraries
2021-05-25 12:21:58,191:INFO:Copying training dataset
2021-05-25 12:21:58,202:INFO:Defining folds
2021-05-25 12:21:58,203:INFO:Declaring metric variables
2021-05-25 12:21:58,214:INFO:Importing untrained model
2021-05-25 12:21:58,223:INFO:Linear Regression Imported succesfully
2021-05-25 12:21:58,245:INFO:Starting cross validation
2021-05-25 12:21:58,255:INFO:Cross validating with TimeSeriesSplit(max_train_size=None, n_splits=10), n_jobs=1
2021-05-25 12:21:58,845:INFO:Calculating mean and std
2021-05-25 12:21:58,846:INFO:Creating metrics dataframe
2021-05-25 12:21:58,851:INFO:Uploading results into container
2021-05-25 12:21:58,851:INFO:Uploading model into container now
2021-05-25 12:21:58,851:INFO:create_model_container: 1
2021-05-25 12:21:58,851:INFO:master_model_container: 1
2021-05-25 12:21:58,852:INFO:display_container: 2
2021-05-25 12:21:58,852:INFO:LinearRegression(copy_X=True, fit_intercept=True, n_jobs=-1, normalize=False)
2021-05-25 12:21:58,852:INFO:create_model() succesfully completed......................................
2021-05-25 12:21:59,025:INFO:SubProcess create_model() end ==================================
2021-05-25 12:21:59,025:INFO:Creating metrics dataframe
2021-05-25 12:21:59,068:INFO:Initializing Lasso Regression
2021-05-25 12:21:59,068:INFO:Total runtime is 0.01480784018834432 minutes
2021-05-25 12:21:59,081:INFO:SubProcess create_model() called ==================================
2021-05-25 12:21:59,082:INFO:Initializing create_model()
2021-05-25 12:21:59,082:INFO:create_model(estimator=lasso, fold=TimeSeriesSplit(max_train_size=None, n_splits=10), round=4, cross_validation=True, predict=True, fit_kwargs={}, groups=None, refit=False, verbose=False, system=False, metrics=None, display=<pycaret.internal.Display.Display object at 0x000001EE44D0CB80>, kwargs={})
2021-05-25 12:21:59,082:INFO:Checking exceptions
2021-05-25 12:21:59,082:INFO:Importing libraries
2021-05-25 12:21:59,082:INFO:Copying training dataset
2021-05-25 12:21:59,087:INFO:Defining folds
2021-05-25 12:21:59,087:INFO:Declaring metric variables
2021-05-25 12:21:59,098:INFO:Importing untrained model
2021-05-25 12:21:59,109:INFO:Lasso Regression Imported succesfully
2021-05-25 12:21:59,132:INFO:Starting cross validation
2021-05-25 12:21:59,133:INFO:Cross validating with TimeSeriesSplit(max_train_size=None, n_splits=10), n_jobs=1
2021-05-25 12:21:59,601:INFO:Calculating mean and std
2021-05-25 12:21:59,602:INFO:Creating metrics dataframe
2021-05-25 12:21:59,607:INFO:Uploading results into container
2021-05-25 12:21:59,607:INFO:Uploading model into container now
2021-05-25 12:21:59,607:INFO:create_model_container: 2
2021-05-25 12:21:59,608:INFO:master_model_container: 2
2021-05-25 12:21:59,608:INFO:display_container: 2
2021-05-25 12:21:59,608:INFO:Lasso(alpha=1.0, copy_X=True, fit_intercept=True, max_iter=1000,
      normalize=False, positive=False, precompute=False, random_state=123,
      selection='cyclic', tol=0.0001, warm_start=False)
2021-05-25 12:21:59,608:INFO:create_model() succesfully completed......................................
2021-05-25 12:21:59,769:INFO:SubProcess create_model() end ==================================
2021-05-25 12:21:59,769:INFO:Creating metrics dataframe
2021-05-25 12:21:59,791:INFO:Initializing Ridge Regression
2021-05-25 12:21:59,791:INFO:Total runtime is 0.02686343590418498 minutes
2021-05-25 12:21:59,800:INFO:SubProcess create_model() called ==================================
2021-05-25 12:21:59,801:INFO:Initializing create_model()
2021-05-25 12:21:59,801:INFO:create_model(estimator=ridge, fold=TimeSeriesSplit(max_train_size=None, n_splits=10), round=4, cross_validation=True, predict=True, fit_kwargs={}, groups=None, refit=False, verbose=False, system=False, metrics=None, display=<pycaret.internal.Display.Display object at 0x000001EE44D0CB80>, kwargs={})
2021-05-25 12:21:59,801:INFO:Checking exceptions
2021-05-25 12:21:59,801:INFO:Importing libraries
2021-05-25 12:21:59,801:INFO:Copying training dataset
2021-05-25 12:21:59,805:INFO:Defining folds
2021-05-25 12:21:59,805:INFO:Declaring metric variables
2021-05-25 12:21:59,812:INFO:Importing untrained model
2021-05-25 12:21:59,820:INFO:Ridge Regression Imported succesfully
2021-05-25 12:21:59,840:INFO:Starting cross validation
2021-05-25 12:21:59,841:INFO:Cross validating with TimeSeriesSplit(max_train_size=None, n_splits=10), n_jobs=1
2021-05-25 12:22:00,176:INFO:Calculating mean and std
2021-05-25 12:22:00,177:INFO:Creating metrics dataframe
2021-05-25 12:22:00,182:INFO:Uploading results into container
2021-05-25 12:22:00,182:INFO:Uploading model into container now
2021-05-25 12:22:00,182:INFO:create_model_container: 3
2021-05-25 12:22:00,182:INFO:master_model_container: 3
2021-05-25 12:22:00,182:INFO:display_container: 2
2021-05-25 12:22:00,182:INFO:Ridge(alpha=1.0, copy_X=True, fit_intercept=True, max_iter=None,
      normalize=False, random_state=123, solver='auto', tol=0.001)
2021-05-25 12:22:00,183:INFO:create_model() succesfully completed......................................
2021-05-25 12:22:00,340:INFO:SubProcess create_model() end ==================================
2021-05-25 12:22:00,340:INFO:Creating metrics dataframe
2021-05-25 12:22:00,362:INFO:Initializing Elastic Net
2021-05-25 12:22:00,363:INFO:Total runtime is 0.03639946778615316 minutes
2021-05-25 12:22:00,375:INFO:SubProcess create_model() called ==================================
2021-05-25 12:22:00,375:INFO:Initializing create_model()
2021-05-25 12:22:00,375:INFO:create_model(estimator=en, fold=TimeSeriesSplit(max_train_size=None, n_splits=10), round=4, cross_validation=True, predict=True, fit_kwargs={}, groups=None, refit=False, verbose=False, system=False, metrics=None, display=<pycaret.internal.Display.Display object at 0x000001EE44D0CB80>, kwargs={})
2021-05-25 12:22:00,376:INFO:Checking exceptions
2021-05-25 12:22:00,376:INFO:Importing libraries
2021-05-25 12:22:00,376:INFO:Copying training dataset
2021-05-25 12:22:00,380:INFO:Defining folds
2021-05-25 12:22:00,380:INFO:Declaring metric variables
2021-05-25 12:22:00,388:INFO:Importing untrained model
2021-05-25 12:22:00,397:INFO:Elastic Net Imported succesfully
2021-05-25 12:22:00,417:INFO:Starting cross validation
2021-05-25 12:22:00,418:INFO:Cross validating with TimeSeriesSplit(max_train_size=None, n_splits=10), n_jobs=1
2021-05-25 12:22:00,787:INFO:Calculating mean and std
2021-05-25 12:22:00,789:INFO:Creating metrics dataframe
2021-05-25 12:22:00,794:INFO:Uploading results into container
2021-05-25 12:22:00,795:INFO:Uploading model into container now
2021-05-25 12:22:00,795:INFO:create_model_container: 4
2021-05-25 12:22:00,795:INFO:master_model_container: 4
2021-05-25 12:22:00,795:INFO:display_container: 2
2021-05-25 12:22:00,795:INFO:ElasticNet(alpha=1.0, copy_X=True, fit_intercept=True, l1_ratio=0.5,
           max_iter=1000, normalize=False, positive=False, precompute=False,
           random_state=123, selection='cyclic', tol=0.0001, warm_start=False)
2021-05-25 12:22:00,795:INFO:create_model() succesfully completed......................................
2021-05-25 12:22:00,955:INFO:SubProcess create_model() end ==================================
2021-05-25 12:22:00,955:INFO:Creating metrics dataframe
2021-05-25 12:22:00,979:INFO:Initializing Orthogonal Matching Pursuit
2021-05-25 12:22:00,979:INFO:Total runtime is 0.046663697560628256 minutes
2021-05-25 12:22:00,990:INFO:SubProcess create_model() called ==================================
2021-05-25 12:22:00,991:INFO:Initializing create_model()
2021-05-25 12:22:00,991:INFO:create_model(estimator=omp, fold=TimeSeriesSplit(max_train_size=None, n_splits=10), round=4, cross_validation=True, predict=True, fit_kwargs={}, groups=None, refit=False, verbose=False, system=False, metrics=None, display=<pycaret.internal.Display.Display object at 0x000001EE44D0CB80>, kwargs={})
2021-05-25 12:22:00,991:INFO:Checking exceptions
2021-05-25 12:22:00,991:INFO:Importing libraries
2021-05-25 12:22:00,991:INFO:Copying training dataset
2021-05-25 12:22:00,995:INFO:Defining folds
2021-05-25 12:22:00,996:INFO:Declaring metric variables
2021-05-25 12:22:01,008:INFO:Importing untrained model
2021-05-25 12:22:01,020:INFO:Orthogonal Matching Pursuit Imported succesfully
2021-05-25 12:22:01,045:INFO:Starting cross validation
2021-05-25 12:22:01,046:INFO:Cross validating with TimeSeriesSplit(max_train_size=None, n_splits=10), n_jobs=1
2021-05-25 12:22:01,389:INFO:Calculating mean and std
2021-05-25 12:22:01,390:INFO:Creating metrics dataframe
2021-05-25 12:22:01,395:INFO:Uploading results into container
2021-05-25 12:22:01,395:INFO:Uploading model into container now
2021-05-25 12:22:01,396:INFO:create_model_container: 5
2021-05-25 12:22:01,396:INFO:master_model_container: 5
2021-05-25 12:22:01,396:INFO:display_container: 2
2021-05-25 12:22:01,396:INFO:OrthogonalMatchingPursuit(fit_intercept=True, n_nonzero_coefs=None,
                          normalize=True, precompute='auto', tol=None)
2021-05-25 12:22:01,396:INFO:create_model() succesfully completed......................................
2021-05-25 12:22:01,551:INFO:SubProcess create_model() end ==================================
2021-05-25 12:22:01,551:INFO:Creating metrics dataframe
2021-05-25 12:22:01,573:INFO:Initializing Bayesian Ridge
2021-05-25 12:22:01,573:INFO:Total runtime is 0.056555644671122236 minutes
2021-05-25 12:22:01,582:INFO:SubProcess create_model() called ==================================
2021-05-25 12:22:01,583:INFO:Initializing create_model()
2021-05-25 12:22:01,583:INFO:create_model(estimator=br, fold=TimeSeriesSplit(max_train_size=None, n_splits=10), round=4, cross_validation=True, predict=True, fit_kwargs={}, groups=None, refit=False, verbose=False, system=False, metrics=None, display=<pycaret.internal.Display.Display object at 0x000001EE44D0CB80>, kwargs={})
2021-05-25 12:22:01,583:INFO:Checking exceptions
2021-05-25 12:22:01,583:INFO:Importing libraries
2021-05-25 12:22:01,583:INFO:Copying training dataset
2021-05-25 12:22:01,587:INFO:Defining folds
2021-05-25 12:22:01,587:INFO:Declaring metric variables
2021-05-25 12:22:01,594:INFO:Importing untrained model
2021-05-25 12:22:01,601:INFO:Bayesian Ridge Imported succesfully
2021-05-25 12:22:01,617:INFO:Starting cross validation
2021-05-25 12:22:01,618:INFO:Cross validating with TimeSeriesSplit(max_train_size=None, n_splits=10), n_jobs=1
2021-05-25 12:22:03,440:INFO:Calculating mean and std
2021-05-25 12:22:03,441:INFO:Creating metrics dataframe
2021-05-25 12:22:03,447:INFO:Uploading results into container
2021-05-25 12:22:03,447:INFO:Uploading model into container now
2021-05-25 12:22:03,447:INFO:create_model_container: 6
2021-05-25 12:22:03,447:INFO:master_model_container: 6
2021-05-25 12:22:03,447:INFO:display_container: 2
2021-05-25 12:22:03,448:INFO:BayesianRidge(alpha_1=1e-06, alpha_2=1e-06, alpha_init=None,
              compute_score=False, copy_X=True, fit_intercept=True,
              lambda_1=1e-06, lambda_2=1e-06, lambda_init=None, n_iter=300,
              normalize=False, tol=0.001, verbose=False)
2021-05-25 12:22:03,448:INFO:create_model() succesfully completed......................................
2021-05-25 12:22:03,597:INFO:SubProcess create_model() end ==================================
2021-05-25 12:22:03,597:INFO:Creating metrics dataframe
2021-05-25 12:22:03,622:INFO:Initializing Passive Aggressive Regressor
2021-05-25 12:22:03,622:INFO:Total runtime is 0.09070628881454468 minutes
2021-05-25 12:22:03,632:INFO:SubProcess create_model() called ==================================
2021-05-25 12:22:03,632:INFO:Initializing create_model()
2021-05-25 12:22:03,632:INFO:create_model(estimator=par, fold=TimeSeriesSplit(max_train_size=None, n_splits=10), round=4, cross_validation=True, predict=True, fit_kwargs={}, groups=None, refit=False, verbose=False, system=False, metrics=None, display=<pycaret.internal.Display.Display object at 0x000001EE44D0CB80>, kwargs={})
2021-05-25 12:22:03,633:INFO:Checking exceptions
2021-05-25 12:22:03,633:INFO:Importing libraries
2021-05-25 12:22:03,633:INFO:Copying training dataset
2021-05-25 12:22:03,638:INFO:Defining folds
2021-05-25 12:22:03,638:INFO:Declaring metric variables
2021-05-25 12:22:03,649:INFO:Importing untrained model
2021-05-25 12:22:03,660:INFO:Passive Aggressive Regressor Imported succesfully
2021-05-25 12:22:03,681:INFO:Starting cross validation
2021-05-25 12:22:03,682:INFO:Cross validating with TimeSeriesSplit(max_train_size=None, n_splits=10), n_jobs=1
2021-05-25 12:22:04,485:INFO:Calculating mean and std
2021-05-25 12:22:04,486:INFO:Creating metrics dataframe
2021-05-25 12:22:04,490:INFO:Uploading results into container
2021-05-25 12:22:04,490:INFO:Uploading model into container now
2021-05-25 12:22:04,490:INFO:create_model_container: 7
2021-05-25 12:22:04,490:INFO:master_model_container: 7
2021-05-25 12:22:04,490:INFO:display_container: 2
2021-05-25 12:22:04,491:INFO:PassiveAggressiveRegressor(C=1.0, average=False, early_stopping=False,
                           epsilon=0.1, fit_intercept=True,
                           loss='epsilon_insensitive', max_iter=1000,
                           n_iter_no_change=5, random_state=123, shuffle=True,
                           tol=0.001, validation_fraction=0.1, verbose=0,
                           warm_start=False)
2021-05-25 12:22:04,491:INFO:create_model() succesfully completed......................................
2021-05-25 12:22:04,624:INFO:SubProcess create_model() end ==================================
2021-05-25 12:22:04,624:INFO:Creating metrics dataframe
2021-05-25 12:22:04,647:INFO:Initializing Huber Regressor
2021-05-25 12:22:04,647:INFO:Total runtime is 0.10779712597529094 minutes
2021-05-25 12:22:04,656:INFO:SubProcess create_model() called ==================================
2021-05-25 12:22:04,657:INFO:Initializing create_model()
2021-05-25 12:22:04,657:INFO:create_model(estimator=huber, fold=TimeSeriesSplit(max_train_size=None, n_splits=10), round=4, cross_validation=True, predict=True, fit_kwargs={}, groups=None, refit=False, verbose=False, system=False, metrics=None, display=<pycaret.internal.Display.Display object at 0x000001EE44D0CB80>, kwargs={})
2021-05-25 12:22:04,657:INFO:Checking exceptions
2021-05-25 12:22:04,657:INFO:Importing libraries
2021-05-25 12:22:04,657:INFO:Copying training dataset
2021-05-25 12:22:04,662:INFO:Defining folds
2021-05-25 12:22:04,662:INFO:Declaring metric variables
2021-05-25 12:22:04,671:INFO:Importing untrained model
2021-05-25 12:22:04,678:INFO:Huber Regressor Imported succesfully
2021-05-25 12:22:04,693:INFO:Starting cross validation
2021-05-25 12:22:04,693:INFO:Cross validating with TimeSeriesSplit(max_train_size=None, n_splits=10), n_jobs=1
2021-05-25 12:22:25,711:INFO:Calculating mean and std
2021-05-25 12:22:25,712:INFO:Creating metrics dataframe
2021-05-25 12:22:25,717:INFO:Uploading results into container
2021-05-25 12:22:25,717:INFO:Uploading model into container now
2021-05-25 12:22:25,717:INFO:create_model_container: 8
2021-05-25 12:22:25,717:INFO:master_model_container: 8
2021-05-25 12:22:25,717:INFO:display_container: 2
2021-05-25 12:22:25,718:INFO:HuberRegressor(alpha=0.0001, epsilon=1.35, fit_intercept=True, max_iter=100,
               tol=1e-05, warm_start=False)
2021-05-25 12:22:25,718:INFO:create_model() succesfully completed......................................
2021-05-25 12:22:25,875:INFO:SubProcess create_model() end ==================================
2021-05-25 12:22:25,876:INFO:Creating metrics dataframe
2021-05-25 12:22:25,901:INFO:Initializing Decision Tree Regressor
2021-05-25 12:22:25,901:INFO:Total runtime is 0.4620190461476644 minutes
2021-05-25 12:22:25,911:INFO:SubProcess create_model() called ==================================
2021-05-25 12:22:25,911:INFO:Initializing create_model()
2021-05-25 12:22:25,911:INFO:create_model(estimator=dt, fold=TimeSeriesSplit(max_train_size=None, n_splits=10), round=4, cross_validation=True, predict=True, fit_kwargs={}, groups=None, refit=False, verbose=False, system=False, metrics=None, display=<pycaret.internal.Display.Display object at 0x000001EE44D0CB80>, kwargs={})
2021-05-25 12:22:25,911:INFO:Checking exceptions
2021-05-25 12:22:25,912:INFO:Importing libraries
2021-05-25 12:22:25,912:INFO:Copying training dataset
2021-05-25 12:22:25,916:INFO:Defining folds
2021-05-25 12:22:25,916:INFO:Declaring metric variables
2021-05-25 12:22:25,925:INFO:Importing untrained model
2021-05-25 12:22:25,935:INFO:Decision Tree Regressor Imported succesfully
2021-05-25 12:22:25,956:INFO:Starting cross validation
2021-05-25 12:22:25,957:INFO:Cross validating with TimeSeriesSplit(max_train_size=None, n_splits=10), n_jobs=1
